[handleMsg]:  {
  key: {
    remoteJid: '5214921515811@s.whatsapp.net',
    fromMe: false,
    id: 'F68153DC3756536E45CD855DA0D3434B',
    participant: undefined
  },
  messageTimestamp: 1700346665,
  pushName: 'Edgar Trejo',
  broadcast: false,
  message: Message {
    conversation: 'Hola',
    messageContextInfo: MessageContextInfo {
      deviceListMetadata: [DeviceListMetadata],
      deviceListMetadataVersion: 2
    }
  },
  body: 'Hola',
  from: '5214921515811'
}
[QUEUE_SE_ENVIO]:  {
  ref: 'ans_faf383c2-f2d5-4f94-9f5e-086542256ef2',
  keyword: 'key_51f50301-2f95-46ad-a25d-ed3b33ea5268',
  answer: ' 隆Bienvenido!\n' +
    'さ 驴En qu茅 podemos ayudarte hoy?\n' +
    ' Escribe *servicios* para conocer nuestros servicios.\n' +
    ' Escribe *ubicacion* para ver nuestra direcci贸n y contacto.\n' +
    ' Escribe *horarios* para conocer nuestros horarios de atenci贸n.\n' +
    ' Escribe *cita* para agendar una cita.',
  options: {
    media: null,
    buttons: [],
    capture: false,
    child: null,
    delay: 0,
    idle: null,
    ref: null,
    nested: [
      [Object], [Object],
      [Object], [Object],
      [Object], [Object],
      [Object], [Object]
    ],
    keyword: {},
    callback: false
  },
  refSerialize: '2f72c1b002f25f24ba9b3100ae468401'
}
[handleMsg]:  {
  key: {
    remoteJid: '5214921515811@s.whatsapp.net',
    fromMe: false,
    id: '6F860ECDCC8B61194F45D1366A595986',
    participant: undefined
  },
  messageTimestamp: 1700346671,
  pushName: 'Edgar Trejo',
  broadcast: false,
  message: Message {
    conversation: 'Servicios',
    messageContextInfo: MessageContextInfo {
      deviceListMetadata: [DeviceListMetadata],
      deviceListMetadataVersion: 2
    }
  },
  body: 'Servicios',
  from: '5214921515811'
}
[QUEUE_SE_ENVIO]:  {
  ref: 'ans_738545f0-3a7c-40c0-ab01-f6017fbd24bc',
  keyword: 'key_60d1a419-ec73-4486-8b1f-947fea950fee',
  answer: 'Servicios en espera del cliente\n' +
    '\n' +
    '\n' +
    '  Escribe *menu* para volver al menu principal.',
  options: {
    media: null,
    buttons: [],
    capture: false,
    child: null,
    delay: 0,
    idle: null,
    ref: null,
    nested: [],
    keyword: {},
    callback: false
  },
  refSerialize: '5d655e4e7e05b8f9a484d747e79dad27'
}
[handleMsg]:  {
  key: {
    remoteJid: '5214921515811@s.whatsapp.net',
    fromMe: false,
    id: '1170576EF9EB4D5171190516F62A447C',
    participant: undefined
  },
  messageTimestamp: 1700346673,
  pushName: 'Edgar Trejo',
  broadcast: false,
  message: Message {
    conversation: 'Menu',
    messageContextInfo: MessageContextInfo {
      deviceListMetadata: [DeviceListMetadata],
      deviceListMetadataVersion: 2
    }
  },
  body: 'Menu',
  from: '5214921515811'
}
[QUEUE_SE_ENVIO]:  {
  ref: 'ans_faf383c2-f2d5-4f94-9f5e-086542256ef2',
  keyword: 'key_51f50301-2f95-46ad-a25d-ed3b33ea5268',
  answer: ' 隆Bienvenido!\n' +
    'さ 驴En qu茅 podemos ayudarte hoy?\n' +
    ' Escribe *servicios* para conocer nuestros servicios.\n' +
    ' Escribe *ubicacion* para ver nuestra direcci贸n y contacto.\n' +
    ' Escribe *horarios* para conocer nuestros horarios de atenci贸n.\n' +
    ' Escribe *cita* para agendar una cita.',
  options: {
    media: null,
    buttons: [],
    capture: false,
    child: null,
    delay: 0,
    idle: null,
    ref: null,
    nested: [
      [Object], [Object],
      [Object], [Object],
      [Object], [Object],
      [Object], [Object]
    ],
    keyword: {},
    callback: false
  },
  refSerialize: '2f72c1b002f25f24ba9b3100ae468401'
}
[handleMsg]:  {
  key: {
    remoteJid: '5214921515811@s.whatsapp.net',
    fromMe: false,
    id: 'B0DA3AB67EF29F858088490042FB125D',
    participant: undefined
  },
  messageTimestamp: 1700346677,
  pushName: 'Edgar Trejo',
  broadcast: false,
  message: Message {
    conversation: 'Ubicaci贸n',
    messageContextInfo: MessageContextInfo {
      deviceListMetadata: [DeviceListMetadata],
      deviceListMetadataVersion: 2
    }
  },
  body: 'Ubicaci贸n',
  from: '5214921515811'
}
[handleMsg]:  {
  key: {
    remoteJid: '5214921515811@s.whatsapp.net',
    fromMe: false,
    id: 'D45161B6709B51524141D8ADA9287D32',
    participant: undefined
  },
  messageTimestamp: 1700346683,
  pushName: 'Edgar Trejo',
  broadcast: false,
  message: Message {
    conversation: 'Ubicaci贸n',
    messageContextInfo: MessageContextInfo {
      deviceListMetadata: [DeviceListMetadata],
      deviceListMetadataVersion: 2
    }
  },
  body: 'Ubicaci贸n',
  from: '5214921515811'
}
[handleMsg]:  {
  key: {
    remoteJid: '5214921515811@s.whatsapp.net',
    fromMe: false,
    id: '0F0127DFEA5E8C5F51B929285F169874',
    participant: undefined
  },
  messageTimestamp: 1700346690,
  pushName: 'Edgar Trejo',
  broadcast: false,
  message: Message {
    conversation: 'Ubicacion',
    messageContextInfo: MessageContextInfo {
      deviceListMetadata: [DeviceListMetadata],
      deviceListMetadataVersion: 2
    }
  },
  body: 'Ubicacion',
  from: '5214921515811'
}
[handleMsg]:  {
  key: {
    remoteJid: '5214921515811@s.whatsapp.net',
    fromMe: false,
    id: '23E3203FB2A71BD977A7CB4BC9A711AB',
    participant: undefined
  },
  messageTimestamp: 1700346701,
  pushName: 'Edgar Trejo',
  broadcast: false,
  message: Message {
    conversation: 'Ubicacion',
    messageContextInfo: MessageContextInfo {
      deviceListMetadata: [DeviceListMetadata],
      deviceListMetadataVersion: 2
    }
  },
  body: 'Ubicacion',
  from: '5214921515811'
}
[handleMsg]:  {
  key: {
    remoteJid: '5214921515811@s.whatsapp.net',
    fromMe: false,
    id: '9BE1D9C1E0AC62DBF6D612F11619CBD5',
    participant: undefined
  },
  messageTimestamp: 1700346704,
  pushName: 'Edgar Trejo',
  broadcast: false,
  message: Message {
    conversation: 'Horarios',
    messageContextInfo: MessageContextInfo {
      deviceListMetadata: [DeviceListMetadata],
      deviceListMetadataVersion: 2
    }
  },
  body: 'Horarios',
  from: '5214921515811'
}
[handleMsg]:  {
  key: {
    remoteJid: '5214921515811@s.whatsapp.net',
    fromMe: false,
    id: '54D1575C3F2D7B3880B8DAA10DD51BDC',
    participant: undefined
  },
  messageTimestamp: 1700346707,
  pushName: 'Edgar Trejo',
  broadcast: false,
  message: Message {
    conversation: 'Menu',
    messageContextInfo: MessageContextInfo {
      deviceListMetadata: [DeviceListMetadata],
      deviceListMetadataVersion: 2
    }
  },
  body: 'Menu',
  from: '5214921515811'
}
[QUEUE_SE_ENVIO]:  {
  ref: 'ans_faf383c2-f2d5-4f94-9f5e-086542256ef2',
  keyword: 'key_51f50301-2f95-46ad-a25d-ed3b33ea5268',
  answer: ' 隆Bienvenido!\n' +
    'さ 驴En qu茅 podemos ayudarte hoy?\n' +
    ' Escribe *servicios* para conocer nuestros servicios.\n' +
    ' Escribe *ubicacion* para ver nuestra direcci贸n y contacto.\n' +
    ' Escribe *horarios* para conocer nuestros horarios de atenci贸n.\n' +
    ' Escribe *cita* para agendar una cita.',
  options: {
    media: null,
    buttons: [],
    capture: false,
    child: null,
    delay: 0,
    idle: null,
    ref: null,
    nested: [
      [Object], [Object],
      [Object], [Object],
      [Object], [Object],
      [Object], [Object]
    ],
    keyword: {},
    callback: false
  },
  refSerialize: '2f72c1b002f25f24ba9b3100ae468401'
}
[handleMsg]:  {
  key: {
    remoteJid: '5214921515811@s.whatsapp.net',
    fromMe: false,
    id: '1FB746B8B20284923B933A353B01DCAA',
    participant: undefined
  },
  messageTimestamp: 1700346713,
  pushName: 'Edgar Trejo',
  broadcast: false,
  message: Message {
    conversation: 'Ubicacion',
    messageContextInfo: MessageContextInfo {
      deviceListMetadata: [DeviceListMetadata],
      deviceListMetadataVersion: 2
    }
  },
  body: 'Ubicacion',
  from: '5214921515811'
}
[QUEUE_SE_ENVIO]:  {
  ref: 'ans_3d21a2fb-2db1-45c7-8ae9-f6b033cb2b0a',
  keyword: 'key_a25b9d8b-c525-4dda-873a-7b6896930c45',
  answer: ' Estamos ubicados en el siguiente lugar:\n' +
    'Direcci贸n: Granados 210, Huerta Vieja, 98087 Zacatecas, Zac.\n' +
    ' Puedes comunicarte con nosotros al: +123 456 789\n' +
    '\n' +
    '\n' +
    'Puedes usar el siguiente enlace para ver el mapa:\n' +
    'https://maps.google.com/?q=Granados+210,Huerta+Vieja,98087,Zacatecas,Zac\n' +
    '\n' +
    '\n' +
    '  Escribe *menu* para volver al menu principal.',
  options: {
    media: null,
    buttons: [],
    capture: false,
    child: null,
    delay: 0,
    idle: null,
    ref: null,
    nested: [],
    keyword: {},
    callback: false
  },
  refSerialize: '22b65bda5f02a5b8bd497388478429c9'
}
[handleMsg]:  {
  key: {
    remoteJid: '5214921515811@s.whatsapp.net',
    fromMe: false,
    id: 'EADC01E6589EC093E6C02DF975D3FA49',
    participant: undefined
  },
  messageTimestamp: 1700346718,
  pushName: 'Edgar Trejo',
  broadcast: false,
  message: Message {
    conversation: 'Menu',
    messageContextInfo: MessageContextInfo {
      deviceListMetadata: [DeviceListMetadata],
      deviceListMetadataVersion: 2
    }
  },
  body: 'Menu',
  from: '5214921515811'
}
[QUEUE_SE_ENVIO]:  {
  ref: 'ans_faf383c2-f2d5-4f94-9f5e-086542256ef2',
  keyword: 'key_51f50301-2f95-46ad-a25d-ed3b33ea5268',
  answer: ' 隆Bienvenido!\n' +
    'さ 驴En qu茅 podemos ayudarte hoy?\n' +
    ' Escribe *servicios* para conocer nuestros servicios.\n' +
    ' Escribe *ubicacion* para ver nuestra direcci贸n y contacto.\n' +
    ' Escribe *horarios* para conocer nuestros horarios de atenci贸n.\n' +
    ' Escribe *cita* para agendar una cita.',
  options: {
    media: null,
    buttons: [],
    capture: false,
    child: null,
    delay: 0,
    idle: null,
    ref: null,
    nested: [
      [Object], [Object],
      [Object], [Object],
      [Object], [Object],
      [Object], [Object]
    ],
    keyword: {},
    callback: false
  },
  refSerialize: '2f72c1b002f25f24ba9b3100ae468401'
}
